<?xml version="1.0" encoding="utf-8" standalone="no"?>
<!--This file represents the results of running a test suite-->
<test-results name="C:/BlackJackSimulator/BlackJackSimulator/Domain.Test/bin\Debug/Domain.Test.dll" total="9" failures="0" not-run="0" date="2008-09-25" time="17:01:48">
  <environment nunit-version="2.4.7.0" clr-version="2.0.50727.1433" os-version="Microsoft Windows NT 5.1.2600 Service Pack 2" platform="Win32NT" cwd="C:\BlackJackSimulator\BlackJackSimulator" machine-name="QG090303" user="davidnickel" user-domain="QG" />
  <culture-info current-culture="en-US" current-uiculture="en-US" />
  <test-suite name="C:/BlackJackSimulator/BlackJackSimulator/Domain.Test/bin\Debug/Domain.Test.dll" success="True" time="0.125" asserts="0">
    <results>
      <test-suite name="Domain" success="True" time="0.125" asserts="0">
        <results>
          <test-suite name="Test" success="True" time="0.125" asserts="0">
            <results>
              <test-suite name="DealerDecisionMakerTest" success="True" time="0.078" asserts="0">
                <results>
                  <test-case name="Domain.Test.DealerDecisionMakerTest.Hard17" executed="True" success="True" time="0.078" asserts="2" />
                  <test-case name="Domain.Test.DealerDecisionMakerTest.LessThan17" executed="True" success="True" time="0.000" asserts="2" />
                  <test-case name="Domain.Test.DealerDecisionMakerTest.Soft17" executed="True" success="True" time="0.000" asserts="2" />
                </results>
              </test-suite>
              <test-suite name="MimicDealerPlayerTest" success="True" time="0.000" asserts="0">
                <results>
                  <test-case name="Domain.Test.MimicDealerPlayerTest.MimicDealerUsesDealerStrategy" executed="True" success="True" time="0.000" asserts="1" />
                </results>
              </test-suite>
              <test-suite name="PlayerTest" success="True" time="0.016" asserts="0">
                <results>
                  <test-case name="Domain.Test.PlayerTest.CannotBustFromSoftAceTest" executed="True" success="True" time="0.016" asserts="1" />
                  <test-case name="Domain.Test.PlayerTest.HasBlackJackWorksCorrectly" executed="True" success="True" time="0.000" asserts="3" />
                </results>
              </test-suite>
              <test-suite name="TableTest" success="True" time="0.016" asserts="0">
                <results>
                  <test-case name="Domain.Test.TableTest.AddPlayerTest" executed="True" success="True" time="0.000" asserts="1" />
                  <test-case name="Domain.Test.TableTest.RemovePlayerTest" executed="True" success="True" time="0.000" asserts="1" />
                  <test-case name="Domain.Test.TableTest.TableIsSingleton" executed="True" success="True" time="0.000" asserts="1" />
                </results>
              </test-suite>
            </results>
          </test-suite>
        </results>
      </test-suite>
    </results>
  </test-suite>
</test-results>